dbus-daemon[1662]: [session uid=1000 pid=1662] Activating service name='org.freedesktop.Notifications' requested by ':1.7' (uid=1000 pid=28917 comm="notify-send DWM Done")
WARNING: Cannot open X11 display.
ERROR: [  get_x11_output:0065] Couldn't initialize X11 output. Aborting...
dbus-daemon[1662]: [session uid=1000 pid=1662] Activated service 'org.freedesktop.Notifications' failed: Process org.freedesktop.Notifications received signal 5
dbus-daemon[1662]: [session uid=1000 pid=1662] Activating service name='org.freedesktop.Notifications' requested by ':1.9' (uid=1000 pid=28917 comm="notify-send DWM Done")
WARNING: Cannot open X11 display.
ERROR: [  get_x11_output:0065] Couldn't initialize X11 output. Aborting...
dbus-daemon[1662]: [session uid=1000 pid=1662] Activated service 'org.freedesktop.Notifications' failed: Process org.freedesktop.Notifications received signal 5
dbus-daemon[1662]: [session uid=1000 pid=1662] Activating service name='org.freedesktop.Notifications' requested by ':1.11' (uid=1000 pid=28917 comm="notify-send DWM Done")
WARNING: Cannot open X11 display.
ERROR: [  get_x11_output:0065] Couldn't initialize X11 output. Aborting...
dbus-daemon[1662]: [session uid=1000 pid=1662] Activated service 'org.freedesktop.Notifications' failed: Process org.freedesktop.Notifications received signal 5
dbus-daemon[1662]: [session uid=1000 pid=1662] Activating service name='org.freedesktop.Notifications' requested by ':1.13' (uid=1000 pid=28981 comm="notify-send Dmenu Done")
WARNING: Cannot open X11 display.
ERROR: [  get_x11_output:0065] Couldn't initialize X11 output. Aborting...
dbus-daemon[1662]: [session uid=1000 pid=1662] Activated service 'org.freedesktop.Notifications' failed: Process org.freedesktop.Notifications received signal 5
dbus-daemon[1662]: [session uid=1000 pid=1662] Activating service name='org.freedesktop.Notifications' requested by ':1.15' (uid=1000 pid=28981 comm="notify-send Dmenu Done")
WARNING: Cannot open X11 display.
ERROR: [  get_x11_output:0065] Couldn't initialize X11 output. Aborting...
dbus-daemon[1662]: [session uid=1000 pid=1662] Activated service 'org.freedesktop.Notifications' failed: Process org.freedesktop.Notifications received signal 5
dbus-daemon[1662]: [session uid=1000 pid=1662] Activating service name='org.freedesktop.Notifications' requested by ':1.17' (uid=1000 pid=28981 comm="notify-send Dmenu Done")
WARNING: Cannot open X11 display.
ERROR: [  get_x11_output:0065] Couldn't initialize X11 output. Aborting...
dbus-daemon[1662]: [session uid=1000 pid=1662] Activated service 'org.freedesktop.Notifications' failed: Process org.freedesktop.Notifications received signal 5
dbus-daemon[1662]: [session uid=1000 pid=1662] Activating service name='org.freedesktop.Notifications' requested by ':1.19' (uid=1000 pid=29036 comm="notify-send St Done")
WARNING: Cannot open X11 display.
ERROR: [  get_x11_output:0065] Couldn't initialize X11 output. Aborting...
dbus-daemon[1662]: [session uid=1000 pid=1662] Activated service 'org.freedesktop.Notifications' failed: Process org.freedesktop.Notifications received signal 5
dbus-daemon[1662]: [session uid=1000 pid=1662] Activating service name='org.freedesktop.Notifications' requested by ':1.21' (uid=1000 pid=29036 comm="notify-send St Done")
WARNING: Cannot open X11 display.
ERROR: [  get_x11_output:0065] Couldn't initialize X11 output. Aborting...
dbus-daemon[1662]: [session uid=1000 pid=1662] Activated service 'org.freedesktop.Notifications' failed: Process org.freedesktop.Notifications received signal 5
dbus-daemon[1662]: [session uid=1000 pid=1662] Activating service name='org.freedesktop.Notifications' requested by ':1.23' (uid=1000 pid=29036 comm="notify-send St Done")
WARNING: Cannot open X11 display.
ERROR: [  get_x11_output:0065] Couldn't initialize X11 output. Aborting...
dbus-daemon[1662]: [session uid=1000 pid=1662] Activated service 'org.freedesktop.Notifications' failed: Process org.freedesktop.Notifications received signal 5
dbus-daemon[1662]: [session uid=1000 pid=1662] Activating service name='org.freedesktop.Notifications' requested by ':1.25' (uid=1000 pid=29146 comm="notify-send Slstatus Done")
WARNING: Cannot open X11 display.
ERROR: [  get_x11_output:0065] Couldn't initialize X11 output. Aborting...
dbus-daemon[1662]: [session uid=1000 pid=1662] Activated service 'org.freedesktop.Notifications' failed: Process org.freedesktop.Notifications received signal 5
dbus-daemon[1662]: [session uid=1000 pid=1662] Activating service name='org.freedesktop.Notifications' requested by ':1.27' (uid=1000 pid=29146 comm="notify-send Slstatus Done")
WARNING: Cannot open X11 display.
ERROR: [  get_x11_output:0065] Couldn't initialize X11 output. Aborting...
dbus-daemon[1662]: [session uid=1000 pid=1662] Activated service 'org.freedesktop.Notifications' failed: Process org.freedesktop.Notifications received signal 5
dbus-daemon[1662]: [session uid=1000 pid=1662] Activating service name='org.freedesktop.Notifications' requested by ':1.29' (uid=1000 pid=29146 comm="notify-send Slstatus Done")
WARNING: Cannot open X11 display.
ERROR: [  get_x11_output:0065] Couldn't initialize X11 output. Aborting...
dbus-daemon[1662]: [session uid=1000 pid=1662] Activated service 'org.freedesktop.Notifications' failed: Process org.freedesktop.Notifications received signal 5
dbus-daemon[1662]: [session uid=1000 pid=1662] Activating service name='org.freedesktop.Notifications' requested by ':1.31' (uid=1000 pid=29171 comm="notify-send Hi")
WARNING: Cannot open X11 display.
ERROR: [  get_x11_output:0065] Couldn't initialize X11 output. Aborting...
dbus-daemon[1662]: [session uid=1000 pid=1662] Activated service 'org.freedesktop.Notifications' failed: Process org.freedesktop.Notifications received signal 5
dbus-daemon[1662]: [session uid=1000 pid=1662] Activating service name='org.freedesktop.Notifications' requested by ':1.33' (uid=1000 pid=29171 comm="notify-send Hi")
WARNING: Cannot open X11 display.
ERROR: [  get_x11_output:0065] Couldn't initialize X11 output. Aborting...
dbus-daemon[1662]: [session uid=1000 pid=1662] Activated service 'org.freedesktop.Notifications' failed: Process org.freedesktop.Notifications received signal 5
dbus-daemon[1662]: [session uid=1000 pid=1662] Activating service name='org.freedesktop.Notifications' requested by ':1.35' (uid=1000 pid=29171 comm="notify-send Hi")
WARNING: Cannot open X11 display.
ERROR: [  get_x11_output:0065] Couldn't initialize X11 output. Aborting...
dbus-daemon[1662]: [session uid=1000 pid=1662] Activated service 'org.freedesktop.Notifications' failed: Process org.freedesktop.Notifications received signal 5
dbus-daemon[577]: [session uid=1000 pid=577] Activating service name='org.a11y.Bus' requested by ':1.7' (uid=1000 pid=910 comm="/usr/lib/firefox/firefox")
dbus-daemon[577]: [session uid=1000 pid=577] Successfully activated service 'org.a11y.Bus'
dbus-daemon[578]: [session uid=1000 pid=578] Activating service name='org.a11y.Bus' requested by ':1.7' (uid=1000 pid=807 comm="/usr/lib/firefox/firefox")
dbus-daemon[578]: [session uid=1000 pid=578] Successfully activated service 'org.a11y.Bus'
dbus-daemon[573]: [session uid=1000 pid=573] Activating service name='org.a11y.Bus' requested by ':1.7' (uid=1000 pid=813 comm="/usr/lib/firefox/firefox")
dbus-daemon[573]: [session uid=1000 pid=573] Successfully activated service 'org.a11y.Bus'
dbus-daemon[573]: [session uid=1000 pid=573] Activating service name='org.freedesktop.Notifications' requested by ':1.32' (uid=1000 pid=3840 comm="notify-send Wait for suckless")
WARNING: Cannot open X11 display.
ERROR: [  get_x11_output:0065] Couldn't initialize X11 output. Aborting...
dbus-daemon[573]: [session uid=1000 pid=573] Activated service 'org.freedesktop.Notifications' failed: Process org.freedesktop.Notifications received signal 5
dbus-daemon[573]: [session uid=1000 pid=573] Activating service name='org.freedesktop.Notifications' requested by ':1.34' (uid=1000 pid=3840 comm="notify-send Wait for suckless")
WARNING: Cannot open X11 display.
ERROR: [  get_x11_output:0065] Couldn't initialize X11 output. Aborting...
dbus-daemon[573]: [session uid=1000 pid=573] Activated service 'org.freedesktop.Notifications' failed: Process org.freedesktop.Notifications received signal 5
dbus-daemon[573]: [session uid=1000 pid=573] Activating service name='org.freedesktop.Notifications' requested by ':1.36' (uid=1000 pid=3840 comm="notify-send Wait for suckless")
WARNING: Cannot open X11 display.
ERROR: [  get_x11_output:0065] Couldn't initialize X11 output. Aborting...
dbus-daemon[573]: [session uid=1000 pid=573] Activated service 'org.freedesktop.Notifications' failed: Process org.freedesktop.Notifications received signal 5
dbus-daemon[573]: [session uid=1000 pid=573] Activating service name='org.freedesktop.Notifications' requested by ':1.38' (uid=1000 pid=3894 comm="notify-send DWM Done")
WARNING: Cannot open X11 display.
ERROR: [  get_x11_output:0065] Couldn't initialize X11 output. Aborting...
dbus-daemon[573]: [session uid=1000 pid=573] Activated service 'org.freedesktop.Notifications' failed: Process org.freedesktop.Notifications received signal 5
dbus-daemon[573]: [session uid=1000 pid=573] Activating service name='org.freedesktop.Notifications' requested by ':1.40' (uid=1000 pid=3894 comm="notify-send DWM Done")
WARNING: Cannot open X11 display.
ERROR: [  get_x11_output:0065] Couldn't initialize X11 output. Aborting...
dbus-daemon[573]: [session uid=1000 pid=573] Activated service 'org.freedesktop.Notifications' failed: Process org.freedesktop.Notifications received signal 5
dbus-daemon[573]: [session uid=1000 pid=573] Activating service name='org.freedesktop.Notifications' requested by ':1.42' (uid=1000 pid=3894 comm="notify-send DWM Done")
WARNING: Cannot open X11 display.
ERROR: [  get_x11_output:0065] Couldn't initialize X11 output. Aborting...
dbus-daemon[573]: [session uid=1000 pid=573] Activated service 'org.freedesktop.Notifications' failed: Process org.freedesktop.Notifications received signal 5
dbus-daemon[573]: [session uid=1000 pid=573] Activating service name='org.freedesktop.Notifications' requested by ':1.44' (uid=1000 pid=3958 comm="notify-send Dmenu Done")
WARNING: Cannot open X11 display.
ERROR: [  get_x11_output:0065] Couldn't initialize X11 output. Aborting...
dbus-daemon[573]: [session uid=1000 pid=573] Activated service 'org.freedesktop.Notifications' failed: Process org.freedesktop.Notifications received signal 5
dbus-daemon[573]: [session uid=1000 pid=573] Activating service name='org.freedesktop.Notifications' requested by ':1.46' (uid=1000 pid=3958 comm="notify-send Dmenu Done")
WARNING: Cannot open X11 display.
ERROR: [  get_x11_output:0065] Couldn't initialize X11 output. Aborting...
dbus-daemon[573]: [session uid=1000 pid=573] Activated service 'org.freedesktop.Notifications' failed: Process org.freedesktop.Notifications received signal 5
dbus-daemon[573]: [session uid=1000 pid=573] Activating service name='org.freedesktop.Notifications' requested by ':1.48' (uid=1000 pid=3958 comm="notify-send Dmenu Done")
WARNING: Cannot open X11 display.
ERROR: [  get_x11_output:0065] Couldn't initialize X11 output. Aborting...
dbus-daemon[573]: [session uid=1000 pid=573] Activated service 'org.freedesktop.Notifications' failed: Process org.freedesktop.Notifications received signal 5
dbus-daemon[573]: [session uid=1000 pid=573] Reloaded configuration
dbus-daemon[573]: [session uid=1000 pid=573] Reloaded configuration
dbus-daemon[573]: [session uid=1000 pid=573] Reloaded configuration
